<?xml version="1.0" encoding="UTF-8"?>
<testng-results skipped="0" failed="0" ignored="0" total="1" passed="1">
  <reporter-output>
  </reporter-output>
  <suite name="Suite" duration-ms="42" started-at="2021-02-22T05:51:01 UTC" finished-at="2021-02-22T05:51:01 UTC">
    <groups>
    </groups>
    <test name="Test" duration-ms="42" started-at="2021-02-22T05:51:01 UTC" finished-at="2021-02-22T05:51:01 UTC">
      <class name="test.ParametersEx">
        <test-method status="PASS" signature="testcase1(java.lang.String)[pri:0, instance:test.ParametersEx@2b552920]" name="testcase1" duration-ms="8" started-at="2021-02-22T05:51:01 UTC" finished-at="2021-02-22T05:51:01 UTC">
          <params>
            <param index="0">
              <value>
                <![CDATA[prerna]]>
              </value>
            </param>
          </params>
          <reporter-output>
          </reporter-output>
        </test-method> <!-- testcase1 -->
      </class> <!-- test.ParametersEx -->
    </test> <!-- Test -->
  </suite> <!-- Suite -->
</testng-results>
